sp|Q6GZX4|001R_FRG3G	sp|Q6GZX4|001R_FRG3G	533
sp|Q6GZX4|001R_FRG3G	sp|Q91FP2|VF282_IIV6	103
sp|Q6GZX4|001R_FRG3G	sp|Q196Y1|VF282_IIV3	88.6
sp|Q6GZX4|001R_FRG3G	sp|A4XL64|PNP_CALS8	38.5
sp|Q6GZX4|001R_FRG3G	sp|Q98544|Y494R_PBCV1	33.5
sp|Q6GZX3|002L_FRG3G	sp|Q6GZX3|002L_FRG3G	656
sp|Q6GZX3|002L_FRG3G	sp|Q197B3|VF337_IIV3	140
sp|Q6GZX3|002L_FRG3G	sp|Q91FI7|VF337_IIV6	138
sp|Q6GZX3|002L_FRG3G	sp|Q85281|J5_FOWPN	37.4
sp|Q6GZX3|002L_FRG3G	sp|Q6GDU5|FNBA_STAAR	38.9
sp|Q197F8|002R_IIV3	sp|Q197F8|002R_IIV3	949
sp|Q197F8|002R_IIV3	sp|B2IBR9|RUVB_BEII9	38.1
sp|Q197F8|002R_IIV3	sp|Q02099|RAD3_SCHPO	35.4
sp|Q197F8|002R_IIV3	sp|Q3E7A7|YK018_YEAST	31.6
sp|Q197F7|003L_IIV3	sp|Q197F7|003L_IIV3	320
sp|Q197F7|003L_IIV3	sp|Q9C968|CCA24_ARATH	31.6
sp|Q197F7|003L_IIV3	sp|P04060|RNAS1_HYSCR	30.4
sp|Q197F7|003L_IIV3	sp|A6T3K7|EFG_JANMA	31.2
sp|Q197F7|003L_IIV3	sp|Q0AIJ8|EFG_NITEC	31.2
sp|Q6GZX2|003R_FRG3G	sp|Q6GZX2|003R_FRG3G	900
sp|Q6GZX2|003R_FRG3G	sp|Q91FU3|VF229_IIV6	50.1
sp|Q6GZX2|003R_FRG3G	sp|Q197B4|VF229_IIV3	42.7
sp|Q6GZX2|003R_FRG3G	sp|Q97IP6|RS4C_CLOAB	31.6
sp|Q6GZX2|003R_FRG3G	sp|Q8EV12|RS4_MYCPE	32.0
sp|Q6GZX1|004R_FRG3G	sp|Q6GZX1|004R_FRG3G	121
sp|Q6GZX1|004R_FRG3G	sp|O94205|LPSA1_CLAPU	35.4
sp|Q6GZX1|004R_FRG3G	sp|M1W5Z4|LPSA2_CLAP2	30.8
sp|Q6GZX1|004R_FRG3G	sp|C8VPS9|EASA_EMENI	28.9
sp|Q6GZX1|004R_FRG3G	sp|E2E2P0|GTPS_ORIVU	28.9
sp|Q197F5|005L_IIV3	sp|Q197F5|005L_IIV3	444
sp|Q197F5|005L_IIV3	sp|Q8I7T3|SADA_DICDI	31.2
sp|Q197F5|005L_IIV3	sp|Q9DF67|VSP2_PROJR	30.8
sp|Q6GZX0|005R_FRG3G	sp|Q6GZX0|005R_FRG3G	418
sp|Q6GZX0|005R_FRG3G	sp|P14362|V250_FOWPN	68.2
sp|Q6GZX0|005R_FRG3G	sp|Q77MQ0|VG87_GAHVM	63.2
sp|Q6GZX0|005R_FRG3G	sp|Q9E6L4|VG97_GAHVM	49.7
sp|Q6GZX0|005R_FRG3G	sp|Q05103|US420_GAHVG	49.3
sp|Q91G88|006L_IIV6	sp|Q91G88|006L_IIV6	709
sp|Q91G88|006L_IIV6	sp|Q91FL1|313L_IIV6	382
sp|Q91G88|006L_IIV6	sp|Q91F58|468L_IIV6	209
sp|Q91G88|006L_IIV6	sp|Q91FT4|238R_IIV6	204
sp|Q91G88|006L_IIV6	sp|Q91FK9|315L_IIV6	126
sp|Q6GZW9|006R_FRG3G	sp|Q6GZW9|006R_FRG3G	160
sp|Q6GZW9|006R_FRG3G	sp|Q61YQ1|DHP2_CAEBR	28.5
sp|Q6GZW9|006R_FRG3G	sp|P58049|C71BB_ARATH	28.1
sp|Q6GZW9|006R_FRG3G	sp|O21878|TTTP_BPLSK	27.3
sp|Q6GZW9|006R_FRG3G	sp|P86786|GIGA3_CRAGI	27.7
sp|Q6GZW8|007R_FRG3G	sp|Q6GZW8|007R_FRG3G	258
sp|Q6GZW8|007R_FRG3G	sp|Q06524|SUE1_YEAST	35.8
sp|Q6GZW8|007R_FRG3G	sp|Q6C520|AKR1_YARLI	32.3
sp|Q6GZW8|007R_FRG3G	sp|D4APQ6|TRXR_ARTBC	31.2
sp|Q6GZW8|007R_FRG3G	sp|P40087|DDI1_YEAST	30.0
sp|Q197F3|007R_IIV3	sp|Q197F3|007R_IIV3	927
sp|Q197F3|007R_IIV3	sp|P18178|VP31_FRG3G	47.0
sp|Q197F3|007R_IIV3	sp|Q60571|CRHBP_MOUSE	34.7
sp|Q197F3|007R_IIV3	sp|P24388|CRHBP_RAT	33.9
sp|Q197F3|007R_IIV3	sp|Q8N264|RHG24_HUMAN	33.1
sp|Q197F2|008L_IIV3	sp|Q197F2|008L_IIV3	706
sp|Q197F2|008L_IIV3	sp|Q196W9|VF396_IIV3	66.2
sp|Q197F2|008L_IIV3	sp|Q196W9|VF396_IIV3	46.6
sp|Q197F2|008L_IIV3	sp|Q196W9|VF396_IIV3	38.9
sp|Q197F2|008L_IIV3	sp|Q196W9|VF396_IIV3	32.3
sp|Q6GZW6|009L_FRG3G	sp|Q6GZW6|009L_FRG3G	1963
sp|Q6GZW6|009L_FRG3G	sp|Q196X3|VF022_IIV3	324
sp|Q6GZW6|009L_FRG3G	sp|Q196X3|VF022_IIV3	64.3
sp|Q6GZW6|009L_FRG3G	sp|Q9QSK4|VF022_IIV6	279
sp|Q6GZW6|009L_FRG3G	sp|Q9QSK4|VF022_IIV6	85.1
sp|Q91G85|009R_IIV6	sp|Q91G85|009R_IIV6	176
sp|Q91G85|009R_IIV6	sp|Q76JU8|FFAR1_MESAU	28.1
sp|Q6GZW5|010R_FRG3G	sp|Q6GZW5|010R_FRG3G	282
sp|Q6GZW5|010R_FRG3G	sp|Q03372|HMSH_DROME	32.0
sp|Q6GZW5|010R_FRG3G	sp|Q9N5D6|UNC62_CAEEL	30.0
sp|Q197E9|011L_IIV3	sp|Q197E9|011L_IIV3	1553
sp|Q197E9|011L_IIV3	sp|Q197F0|VF380_IIV3	114
sp|Q197E9|011L_IIV3	sp|Q91FE4|VF380_IIV6	113
sp|Q197E9|011L_IIV3	sp|Q6GZV6|019R_FRG3G	79.3
sp|Q197E9|011L_IIV3	sp|Q5UQK5|YR403_MIMIV	43.9
sp|Q6GZW4|011R_FRG3G	sp|Q6GZW4|011R_FRG3G	141
sp|Q6GZW4|011R_FRG3G	sp|H6TB12|MDR_STABO	30.0
sp|Q6GZW4|011R_FRG3G	sp|P32792|YHH7_YEAST	28.9
sp|Q6GZW4|011R_FRG3G	sp|Q5M7N9|ESYT3_XENTR	28.9
sp|Q6GZW4|011R_FRG3G	sp|Q9FFK8|NFXL2_ARATH	28.5
sp|Q6GZW3|012L_FRG3G	sp|Q6GZW3|012L_FRG3G	607
sp|Q6GZW3|012L_FRG3G	sp|Q91FN7|287R_IIV6	58.9
sp|Q6GZW3|012L_FRG3G	sp|Q197A4|VF287_IIV3	51.2
sp|Q6GZW3|012L_FRG3G	sp|A6QNW6|S26A8_BOVIN	34.3
sp|Q6GZW3|012L_FRG3G	sp|Q6B8Z0|ARGB_GRATL	31.6
sp|Q197E7|013L_IIV3	sp|Q197E7|013L_IIV3	188
sp|Q197E7|013L_IIV3	sp|P45562|XAPB_ECOLI	30.8
sp|Q197E7|013L_IIV3	sp|Q54J26|NOP10_DICDI	28.9
sp|Q197E7|013L_IIV3	sp|Q9T095|OPT6_ARATH	29.6
sp|Q197E7|013L_IIV3	sp|A8WVU7|CPG1_CAEBR	28.9
sp|Q6GZW2|013R_FRG3G	sp|Q6GZW2|013R_FRG3G	143
sp|Q6GZW1|014R_FRG3G	sp|Q6GZW1|014R_FRG3G	238
sp|Q6GZW1|014R_FRG3G	sp|Q8SS35|Y4A0_ENCCU	30.8
sp|Q6GZW1|014R_FRG3G	sp|Q53W62|CARH_THET8	30.0
sp|Q6GZW1|014R_FRG3G	sp|Q8N271|PROM2_HUMAN	29.6
sp|Q6GZW1|014R_FRG3G	sp|Q2U9B0|BRE1_ASPOR	29.3
sp|Q6GZW0|015R_FRG3G	sp|Q6GZW0|015R_FRG3G	667
sp|Q6GZW0|015R_FRG3G	sp|Q196X2|VF075_IIV3	202
sp|Q6GZW0|015R_FRG3G	sp|O55711|VF075_IIV6	188
sp|Q6GZW0|015R_FRG3G	sp|Q5UQN0|YL437_MIMIV	133
sp|Q6GZW0|015R_FRG3G	sp|Q6KH82|MNME_MYCMO	41.6
sp|Q6GZV8|017L_FRG3G	sp|Q6GZV8|017L_FRG3G	996
sp|Q6GZV8|017L_FRG3G	sp|B0K1A1|MIAB_THEPX	38.1
sp|Q6GZV8|017L_FRG3G	sp|Q8VYG9|PIRL9_ARATH	37.7
sp|Q6GZV8|017L_FRG3G	sp|B0K9L4|MIAB_THEP3	36.2
sp|Q6GZV8|017L_FRG3G	sp|Q13V40|GSA_PARXL	36.2
sp|Q6GZV7|018L_FRG3G	sp|Q6GZV7|018L_FRG3G	159
sp|Q6GZV7|018L_FRG3G	sp|C3N5I8|TRPD_SULIA	28.1
sp|Q6GZV7|018L_FRG3G	sp|C3NE52|TRPD_SULIY	28.1
sp|Q6GZV7|018L_FRG3G	sp|C3MV89|TRPD_SULIM	28.1
sp|Q6GZV7|018L_FRG3G	sp|C3MPW2|TRPD_SULIL	28.1
sp|Q6GZV6|019R_FRG3G	sp|Q6GZV6|019R_FRG3G	1743
sp|Q6GZV6|019R_FRG3G	sp|Q197F0|VF380_IIV3	122
sp|Q6GZV6|019R_FRG3G	sp|Q197F0|VF380_IIV3	34.7
sp|Q6GZV6|019R_FRG3G	sp|Q91FE4|VF380_IIV6	114
sp|Q6GZV6|019R_FRG3G	sp|Q91FE4|VF380_IIV6	38.1
sp|Q6GZV5|020R_FRG3G	sp|Q6GZV5|020R_FRG3G	303
sp|Q6GZV5|020R_FRG3G	sp|Q196V3|VF117_IIV3	52.0
sp|Q6GZV5|020R_FRG3G	sp|O55732|VF117_IIV6	37.4
sp|Q6GZV5|020R_FRG3G	sp|Q9K7S8|SYL_BACHD	35.0
sp|Q6GZV5|020R_FRG3G	sp|H2L0G5|PTC3_CAEEL	31.6
sp|Q6GZV4|021L_FRG3G	sp|Q6GZV4|021L_FRG3G	451
sp|Q6GZV4|021L_FRG3G	sp|O55708|VF067_IIV6	91.3
sp|Q6GZV4|021L_FRG3G	sp|Q197F6|VF067_IIV3	88.2
sp|Q6GZV4|021L_FRG3G	sp|P28194|PTP2_STYPL	35.0
sp|Q6GZV4|021L_FRG3G	sp|Q2UMH3|SET1_ASPOR	32.3
sp|Q197D8|022L_IIV3	sp|Q197D8|022L_IIV3	459
sp|Q197D8|022L_IIV3	sp|P97947|NR0B2_RAT	33.5
sp|Q197D8|022L_IIV3	sp|P22554|CCSA_GUITH	31.2
sp|Q6GZV2|023R_FRG3G	sp|Q6GZV2|023R_FRG3G	801
sp|Q6GZV2|023R_FRG3G	sp|Q6GZV1|024R_FRG3G	172
sp|Q6GZV2|023R_FRG3G	sp|A2BIU4|MTAP_HYPBU	35.0
sp|Q6GZV2|023R_FRG3G	sp|Q9V676|CP6T3_DROME	33.9
sp|Q6GZV2|023R_FRG3G	sp|Q8H116|MNS2_ARATH	33.5
sp|Q197D7|023R_IIV3	sp|Q197D7|023R_IIV3	218
sp|Q197D7|023R_IIV3	sp|Q0A808|CCMA_ALKEH	36.2
sp|Q197D7|023R_IIV3	sp|Q810W9|WHRN_RAT	30.8
sp|Q197D7|023R_IIV3	sp|Q80VW5|WHRN_MOUSE	30.8
sp|Q197D7|023R_IIV3	sp|Q99M54|CDCA3_MOUSE	29.3
sp|Q6GZV1|024R_FRG3G	sp|Q6GZV1|024R_FRG3G	756
sp|Q6GZV1|024R_FRG3G	sp|Q6GZV2|023R_FRG3G	172
sp|Q6GZV1|024R_FRG3G	sp|Q5EBD9|ELP2_XENTR	38.5
sp|Q6GZV1|024R_FRG3G	sp|P42058|ALTA7_ALTAL	34.3
sp|Q6GZV1|024R_FRG3G	sp|Q5GA85|L_TAVCV	33.1
sp|Q197D5|025R_IIV3	sp|Q197D5|025R_IIV3	362
sp|Q197D5|025R_IIV3	sp|A7TL18|SDS23_VANPO	33.9
sp|Q197D5|025R_IIV3	sp|P33663|POLOX_PSEAE	32.3
sp|Q197D5|025R_IIV3	sp|C5D4W6|PSD_GEOSW	31.6
sp|Q197D5|025R_IIV3	sp|Q54WH2|FORA_DICDI	32.0
sp|Q91G70|026R_IIV6	sp|Q91G70|026R_IIV6	114
sp|Q91G70|026R_IIV6	sp|Q8SQ01|NR1I2_MACMU	30.0
sp|Q91G70|026R_IIV6	sp|P28880|CO16A_CONST	28.9
sp|Q91G70|026R_IIV6	sp|O75469|NR1I2_HUMAN	30.0
sp|Q91G70|026R_IIV6	sp|Q9XYZ5|DDB1_DROME	29.6
sp|Q6GZU9|027R_FRG3G	sp|Q6GZU9|027R_FRG3G	1982
sp|Q6GZU9|027R_FRG3G	sp|O55767|VF179_IIV6	240
sp|Q6GZU9|027R_FRG3G	sp|Q197C5|VF179_IIV3	236
sp|Q6GZU9|027R_FRG3G	sp|Q9JHP7|KDEL1_MOUSE	98.2
sp|Q6GZU9|027R_FRG3G	sp|Q7Z4H8|KDEL2_HUMAN	97.8
sp|Q6GZU8|028R_FRG3G	sp|Q6GZU8|028R_FRG3G	337
sp|Q6GZU8|028R_FRG3G	sp|Q8U0M2|RPOH_PYRFU	37.7
sp|Q6GZU8|028R_FRG3G	sp|Q9V116|RPOH_PYRAB	35.4
sp|Q6GZU8|028R_FRG3G	sp|O74019|RPOH_PYRHO	35.4
sp|Q6GZU8|028R_FRG3G	sp|P20434|RPAB1_YEAST	37.0
sp|Q197D2|028R_IIV3	sp|Q197D2|028R_IIV3	695
sp|Q197D2|028R_IIV3	sp|Q8DKH2|ACSA_THEEB	35.8
sp|Q197D2|028R_IIV3	sp|Q7P0X5|MURA_CHRVO	33.1
sp|Q6GZU7|029L_FRG3G	sp|Q6GZU7|029L_FRG3G	198
sp|Q6GZU7|029L_FRG3G	sp|P38070|YPK3_YEAST	28.9
sp|Q91G67|029R_IIV6	sp|Q91G67|029R_IIV6	263
sp|Q91G67|029R_IIV6	sp|O55752|148R_IIV6	212
sp|Q91G67|029R_IIV6	sp|Q91FV9|212L_IIV6	144
sp|Q91G67|029R_IIV6	sp|Q91FW0|211L_IIV6	108
sp|Q91G67|029R_IIV6	sp|Q91FD6|388R_IIV6	107
sp|Q197D0|030L_IIV3	sp|Q197D0|030L_IIV3	301
sp|Q197D0|030L_IIV3	sp|P12243|THIO1_SYNE7	31.2
sp|Q197D0|030L_IIV3	sp|P00275|THIO1_CORNE	31.2
sp|Q197D0|030L_IIV3	sp|P20857|THIO2_NOSS1	30.8
sp|Q197D0|030L_IIV3	sp|Q8NNK2|COX2_CORGL	30.8
sp|Q6GZU6|030R_FRG3G	sp|Q6GZU6|030R_FRG3G	93.2
sp|Q6GZU6|030R_FRG3G	sp|Q7MVS5|PSD_PORGI	27.7
sp|Q6GZU6|030R_FRG3G	sp|B2RJF8|PSD_PORG3	27.7
sp|Q6GZU6|030R_FRG3G	sp|Q60590|A1AG1_MOUSE	26.6
sp|Q6GZU5|031R_FRG3G	sp|Q6GZU5|031R_FRG3G	287
sp|Q6GZU5|031R_FRG3G	sp|B9LIY4|ACPS_CHLSY	33.9
sp|Q6GZU5|031R_FRG3G	sp|A9WE63|ACPS_CHLAA	33.9
sp|Q6GZU5|031R_FRG3G	sp|P54553|YQJP_BACSU	31.2
sp|Q6GZU4|032R_FRG3G	sp|Q6GZU4|032R_FRG3G	1239
sp|Q6GZU4|032R_FRG3G	sp|P12036|NFH_HUMAN	53.9
sp|Q6GZU4|032R_FRG3G	sp|Q9BYE2|TMPSD_HUMAN	52.0
sp|Q6GZU4|032R_FRG3G	sp|Q9BYE2|TMPSD_HUMAN	41.2
sp|Q6GZU4|032R_FRG3G	sp|P19246|NFH_MOUSE	50.4
sp|Q197C8|032R_IIV3	sp|Q197C8|032R_IIV3	573
sp|Q197C8|032R_IIV3	sp|Q91FB6|411L_IIV6	38.1
sp|Q197C8|032R_IIV3	sp|Q59189|PARE_BORBU	36.2
sp|Q197C8|032R_IIV3	sp|Q196V0|110R_IIV3	34.7
sp|Q197C8|032R_IIV3	sp|Q66802|L_EBOSM	34.3
sp|Q91G65|032R_IIV6	sp|Q91G65|032R_IIV6	198
sp|Q91G65|032R_IIV6	sp|Q1LZ74|OARD1_BOVIN	73.9
sp|Q91G65|032R_IIV6	sp|Q9Y530|OARD1_HUMAN	73.6
sp|Q91G65|032R_IIV6	sp|Q8R5F3|OARD1_MOUSE	71.6
sp|Q91G65|032R_IIV6	sp|Q02509|OC90_HUMAN	31.2
sp|Q6GZU3|033R_FRG3G	sp|Q6GZU3|033R_FRG3G	122
sp|Q6GZU3|033R_FRG3G	sp|Q8RBA9|RL21_CALS4	27.3
sp|Q6GZU2|034R_FRG3G	sp|Q6GZU2|034R_FRG3G	219
sp|Q6GZU2|034R_FRG3G	sp|P06829|L_SENDE	37.0
sp|Q6GZU2|034R_FRG3G	sp|P06447|L_SENDZ	37.0
sp|Q6GZU2|034R_FRG3G	sp|O55528|L_SENDO	37.0
sp|Q6GZU2|034R_FRG3G	sp|Q06996|L_SENDF	37.0
sp|Q91G63|034R_IIV6	sp|Q91G63|034R_IIV6	265
sp|Q91G63|034R_IIV6	sp|P48421|C83A1_ARATH	32.3
sp|Q91G63|034R_IIV6	sp|Q5VST9|OBSCN_HUMAN	32.3
sp|Q91G63|034R_IIV6	sp|Q93YP4|EPN3_ARATH	32.0
sp|Q91G63|034R_IIV6	sp|O88799|ZAN_MOUSE	31.6
sp|Q6GZU1|035L_FRG3G	sp|Q6GZU1|035L_FRG3G	290
sp|Q6GZU1|035L_FRG3G	sp|A7H9F3|IF2_ANADF	33.5
sp|Q6GZU1|035L_FRG3G	sp|Q9UQ16|DYN3_HUMAN	31.6
sp|Q6GZU1|035L_FRG3G	sp|P33450|FAT_DROME	31.2
sp|Q6GZU1|035L_FRG3G	sp|C5C1N8|SECA_BEUC1	31.2
sp|Q6GZU0|036L_FRG3G	sp|Q6GZU0|036L_FRG3G	412
sp|Q6GZU0|036L_FRG3G	sp|Q62921|HOIL1_RAT	34.3
sp|Q6GZU0|036L_FRG3G	sp|Q9BYM8|HOIL1_HUMAN	33.9
sp|Q6GZU0|036L_FRG3G	sp|Q8FML6|PUR7_COREF	30.8
sp|Q197C3|037L_IIV3	sp|Q197C3|037L_IIV3	504
sp|Q197C3|037L_IIV3	sp|Q9ATM4|PIP27_MAIZE	36.2
sp|Q197C3|037L_IIV3	sp|Q2EG98|PK1L3_MOUSE	34.7
sp|Q197C3|037L_IIV3	sp|Q2EG98|PK1L3_MOUSE	32.7
sp|Q197C3|037L_IIV3	sp|P33076|C2TA_HUMAN	33.1
sp|Q6GZT9|037R_FRG3G	sp|Q6GZT9|037R_FRG3G	429
sp|Q6GZT9|037R_FRG3G	sp|Q196V6|VF355_IIV3	65.5
sp|Q6GZT9|037R_FRG3G	sp|Q91FG9|VF355_IIV6	61.6
sp|Q6GZT9|037R_FRG3G	sp|Q8W3M6|UBCP_ARATH	35.0
sp|Q6GZT9|037R_FRG3G	sp|Q7MAI9|F16PA_WOLSU	35.0
sp|Q6GZT7|039R_FRG3G	sp|Q6GZT7|039R_FRG3G	233
sp|Q6GZT7|039R_FRG3G	sp|Q8BL80|RHG22_MOUSE	31.6
sp|Q6GZT7|039R_FRG3G	sp|A9M3F3|Y1916_NEIM0	30.4
sp|Q6GZT7|039R_FRG3G	sp|P0A0Z2|Y228_NEIMB	30.4
sp|Q6GZT7|039R_FRG3G	sp|A1KRR2|Y227_NEIMF	30.4
sp|Q6GZT6|040R_FRG3G	sp|Q6GZT6|040R_FRG3G	372
sp|Q6GZT6|040R_FRG3G	sp|B0R0W9|TBC8B_DANRE	32.3
sp|Q6GZT6|040R_FRG3G	sp|Q03R34|MUTL_LACBA	31.6
sp|Q6GZT6|040R_FRG3G	sp|D3IUT5|TICRR_XENLA	31.2
sp|Q6GZT6|040R_FRG3G	sp|O73612|EFNB1_CHICK	30.8
sp|Q197C0|040R_IIV3	sp|Q197C0|040R_IIV3	172
sp|Q197C0|040R_IIV3	sp|Q3SZ20|GLYM_BOVIN	30.0
sp|Q197C0|040R_IIV3	sp|Q9JXZ2|DPO3A_NEIMB	30.0
sp|Q197C0|040R_IIV3	sp|Q9JVX8|DPO3A_NEIMA	30.0
sp|Q197C0|040R_IIV3	sp|Q6DC53|CTU2_DANRE	29.6
sp|Q91G57|041L_IIV6	sp|Q91G57|041L_IIV6	242
sp|Q91G57|041L_IIV6	sp|F4IBQ9|KN14Q_ARATH	35.8
sp|Q91G57|041L_IIV6	sp|P75490|Y287_MYCPN	33.5
sp|Q91G57|041L_IIV6	sp|Q4L3I9|SYC_STAHJ	33.5
sp|Q91G57|041L_IIV6	sp|Q0E3C8|CLPB3_ORYSJ	32.7
sp|Q6GZT5|041R_FRG3G	sp|Q6GZT5|041R_FRG3G	2385
sp|Q6GZT5|041R_FRG3G	sp|Q91FM9|VF295_IIV6	99.0
sp|Q6GZT5|041R_FRG3G	sp|Q197E4|VF295_IIV3	94.4
sp|Q6GZT5|041R_FRG3G	sp|Q06VN8|Y043_TNAVC	65.5
sp|Q6GZT5|041R_FRG3G	sp|A4KXK0|Y146_HVAVE	55.8
sp|Q6GZT4|042L_FRG3G	sp|Q6GZT4|042L_FRG3G	173
sp|Q6GZT4|042L_FRG3G	sp|Q5PQQ8|ITGBL_RAT	28.9
sp|Q6GZT4|042L_FRG3G	sp|C5BPV9|IF2_TERTT	28.5
sp|Q6GZT4|042L_FRG3G	sp|Q47BI0|LEU1_DECAR	28.5
sp|Q6GZT4|042L_FRG3G	sp|Q69ZK0|PREX1_MOUSE	28.5
sp|Q91G56|042R_IIV6	sp|Q91G56|042R_IIV6	180
sp|Q91G56|042R_IIV6	sp|Q9UBC2|EP15R_HUMAN	39.3
sp|Q91G56|042R_IIV6	sp|Q60902|EP15R_MOUSE	37.0
sp|Q91G56|042R_IIV6	sp|Q05870|MYSP_SCHJA	34.7
sp|Q91G56|042R_IIV6	sp|Q05870|MYSP_SCHJA	29.3
sp|Q91G55|043L_IIV6	sp|Q91G55|043L_IIV6	224
sp|Q91G55|043L_IIV6	sp|Q85055|RDRP_AHV2H	35.4
sp|Q91G55|043L_IIV6	sp|P75590|IF2_MYCPN	30.0
sp|Q91G55|043L_IIV6	sp|A9B9E5|SYA_PROM4	29.6
sp|Q91G55|043L_IIV6	sp|C1EME8|Y3587_BACC3	29.6
sp|Q6GZT3|043R_FRG3G	sp|Q6GZT3|043R_FRG3G	289
sp|Q6GZT3|043R_FRG3G	sp|Q5TM83|NANOG_MUSMM	32.0
sp|Q6GZT3|043R_FRG3G	sp|Q80Z64|NANOG_MOUSE	32.0
sp|Q197B6|044L_IIV3	sp|Q197B6|044L_IIV3	696
sp|Q197B6|044L_IIV3	sp|P31374|PSK1_YEAST	85.1
sp|Q197B6|044L_IIV3	sp|Q08217|PSK2_YEAST	81.3
sp|Q197B6|044L_IIV3	sp|Q5A3P6|PKH2_CANAL	79.7
sp|Q197B6|044L_IIV3	sp|Q5F3L1|KS6A5_CHICK	78.6
sp|Q6GZN9|044R_FRG3G	sp|Q6GZN9|044R_FRG3G	121
sp|Q6GZN9|044R_FRG3G	sp|P0CAM7|VFD38_ASFK5	30.0
sp|Q6GZN9|044R_FRG3G	sp|P0CAM7|VFD38_ASFK5	28.9
sp|Q6GZN9|044R_FRG3G	sp|G8QM64|MRPX_DECSP	28.1
sp|Q6GZN9|044R_FRG3G	sp|G8QM64|MRPX_DECSP	27.3
sp|Q91G54|044R_IIV6	sp|Q91G54|044R_IIV6	124
sp|Q91G54|044R_IIV6	sp|Q5VNU3|SEC1B_ORYSJ	28.9
sp|Q91G54|044R_IIV6	sp|P87012|YC01A_YEAST	27.3
sp|Q91G54|044R_IIV6	sp|Q9NS23|RASF1_HUMAN	27.7
sp|Q91G54|044R_IIV6	sp|Q6FZX5|SYP_BARQU	27.7
sp|Q6GZT1|045L_FRG3G	sp|Q6GZT1|045L_FRG3G	281
sp|Q6GZT1|045L_FRG3G	sp|Q8BYH8|CHD9_MOUSE	31.2
sp|Q6GZT1|045L_FRG3G	sp|B3QUG2|GLYA_CHLT3	30.0
sp|Q197B5|045R_IIV3	sp|Q197B5|045R_IIV3	182
sp|Q197B5|045R_IIV3	sp|Q5AX75|EIF3C_EMENI	33.1
sp|Q197B5|045R_IIV3	sp|Q2U0Q9|EIF3C_ASPOR	32.0
sp|Q197B5|045R_IIV3	sp|Q0CVT0|EIF3C_ASPTN	31.2
sp|Q197B5|045R_IIV3	sp|A1D9P1|EIF3C_NEOFI	30.8
sp|Q6GZT0|046L_FRG3G	sp|Q6GZT0|046L_FRG3G	154
sp|Q6GZT0|046L_FRG3G	sp|F4IIM1|CSI1_ARATH	30.8
sp|Q6GZT0|046L_FRG3G	sp|Q1CK61|MDTC_YERPN	29.3
sp|Q6GZT0|046L_FRG3G	sp|A9QZU8|MDTC_YERPG	29.3
sp|Q6GZT0|046L_FRG3G	sp|Q8ZCV9|MDTC_YERPE	29.3
sp|Q6GZS9|047L_FRG3G	sp|Q6GZS9|047L_FRG3G	280
sp|Q6GZS9|047L_FRG3G	sp|Q9P7C0|YKU5_SCHPO	35.8
sp|Q6GZS9|047L_FRG3G	sp|B0RBL3|GSA_CLAMS	32.7
sp|Q6GZS9|047L_FRG3G	sp|A5CNI7|GSA_CLAM3	32.7
sp|Q6GZS9|047L_FRG3G	sp|C4XIJ9|RUVA_DESMR	30.8
sp|Q6GZS8|048L_FRG3G	sp|Q6GZS8|048L_FRG3G	172
sp|Q6GZS8|048L_FRG3G	sp|B8FJP4|PGK_DESAA	34.7
sp|Q6GZS8|048L_FRG3G	sp|Q9F410|RECA_MYCSH	30.8
sp|Q6GZS8|048L_FRG3G	sp|P35901|RECA_MYCLE	30.4
sp|Q6GZS8|048L_FRG3G	sp|Q7Z3E1|PARPT_HUMAN	30.0
sp|Q6GZS7|049L_FRG3G	sp|Q6GZS7|049L_FRG3G	504
sp|Q6GZS7|049L_FRG3G	sp|Q6CUC1|AIM34_KLULA	41.6
sp|Q6GZS7|049L_FRG3G	sp|Q03673|AIM34_YEAST	41.2
sp|Q6GZS7|049L_FRG3G	sp|A6ZM65|AIM34_YEAS7	41.2
sp|Q6GZS7|049L_FRG3G	sp|C7GLB5|AIM34_YEAS2	40.8
sp|Q91G50|049L_IIV6	sp|Q91G50|049L_IIV6	248
sp|Q91G50|049L_IIV6	sp|Q69Z89|RADIL_MOUSE	31.2
sp|Q91G50|049L_IIV6	sp|P59580|KCY_BUCBP	30.8
sp|Q91G50|049L_IIV6	sp|Q96JH8|RADIL_HUMAN	30.8
sp|Q91G50|049L_IIV6	sp|Q4X084|EGLX_ASPFU	30.0
sp|Q197B1|049R_IIV3	sp|Q197B1|049R_IIV3	1401
sp|Q197B1|049R_IIV3	sp|P24043|LAMA2_HUMAN	45.4
sp|Q197B1|049R_IIV3	sp|P0CB05|CEP63_CHICK	42.0
sp|Q197B1|049R_IIV3	sp|P41541|USO1_BOVIN	41.2
sp|Q197B1|049R_IIV3	sp|P16602|ATI_COWPX	41.2
sp|Q6GZS6|050L_FRG3G	sp|Q6GZS6|050L_FRG3G	424
sp|Q6GZS6|050L_FRG3G	sp|Q8IDX6|RBP2A_PLAF7	49.3
sp|Q6GZS6|050L_FRG3G	sp|Q8IDX6|RBP2A_PLAF7	45.1
sp|Q6GZS6|050L_FRG3G	sp|Q8IDX6|RBP2A_PLAF7	41.6
sp|Q6GZS6|050L_FRG3G	sp|Q8IDX6|RBP2A_PLAF7	32.7
sp|Q6GZS5|051R_FRG3G	sp|Q6GZS5|051R_FRG3G	1153
sp|Q6GZS5|051R_FRG3G	sp|O95630|STABP_HUMAN	37.7
sp|Q6GZS5|051R_FRG3G	sp|Q63ZM7|STABP_XENLA	37.0
sp|Q6GZS5|051R_FRG3G	sp|Q5UPM9|YL171_MIMIV	35.0
sp|Q6GZS5|051R_FRG3G	sp|Q6TH47|STBPA_DANRE	33.9
sp|Q6GZS4|052L_FRG3G	sp|Q6GZS4|052L_FRG3G	737
sp|Q6GZS4|052L_FRG3G	sp|Q9EQC1|3BHS7_MOUSE	302
sp|Q6GZS4|052L_FRG3G	sp|Q9H2F3|3BHS7_HUMAN	295
sp|Q6GZS4|052L_FRG3G	sp|Q67477|3BHS_FOWPN	256
sp|Q6GZS4|052L_FRG3G	sp|O35048|3BHS7_RAT	254
sp|Q197A7|053L_IIV3	sp|Q197A7|053L_IIV3	293
sp|Q197A7|053L_IIV3	sp|P10857|SYLC_NEUCR	33.5
sp|Q197A7|053L_IIV3	sp|B1YAS9|SYL_PYRNV	30.8
sp|Q197A7|053L_IIV3	sp|Q8ZXT6|SYL_PYRAE	30.8
sp|Q197A7|053L_IIV3	sp|A3MU00|SYL_PYRCJ	30.8
sp|Q6GZS3|053R_FRG3G	sp|Q6GZS3|053R_FRG3G	1053
sp|Q6GZS3|053R_FRG3G	sp|Q197F4|VF118_IIV3	122
sp|Q6GZS3|053R_FRG3G	sp|O55733|VF118_IIV6	112
sp|Q6GZS3|053R_FRG3G	sp|Q91F68|458R_IIV6	50.8
sp|Q6GZS2|054L_FRG3G	sp|Q6GZS2|054L_FRG3G	157
sp|Q6GZS2|054L_FRG3G	sp|O87567|YIDC_BACPE	28.1
sp|Q6GZS2|054L_FRG3G	sp|A5I5U3|CFR_CLOBH	28.1
sp|Q6GZS2|054L_FRG3G	sp|A7FX96|CFR_CLOB1	28.1
sp|Q6GZS2|054L_FRG3G	sp|Q9IAT6|DLLC_DANRE	28.1
sp|Q197A6|054L_IIV3	sp|Q197A6|054L_IIV3	634
sp|Q197A6|054L_IIV3	sp|Q0CFF7|PELF1_ASPTN	33.1
sp|Q197A6|054L_IIV3	sp|P50759|VE1_HPV21	32.7
sp|Q197A6|054L_IIV3	sp|P42744|AXR1_ARATH	32.3
sp|Q197A6|054L_IIV3	sp|Q9V831|APC10_DROME	31.2
