sp|Q6GZX4|001R_FRG3G	sp|Q6GZX4|001R_FRG3G	1361
sp|Q6GZX4|001R_FRG3G	sp|Q196Y1|VF282_IIV3	225
sp|Q6GZX4|001R_FRG3G	sp|Q0STR2|MIAA_CLOPS	71
sp|Q6GZX4|001R_FRG3G	sp|Q8XL85|MIAA_CLOPE	68
sp|Q6GZX4|001R_FRG3G	sp|Q0TRD4|MIAA_CLOP1	68
sp|Q6GZX3|002L_FRG3G	sp|Q6GZX3|002L_FRG3G	1783
sp|Q6GZX3|002L_FRG3G	sp|Q8LEM6|HA22H_ARATH	83
sp|Q6GZX3|002L_FRG3G	sp|Q5RFN3|MTFR1_PONAB	68
sp|Q6GZX3|002L_FRG3G	sp|Q2QW44|ZHD3_ORYSJ	65
sp|Q6GZX3|002L_FRG3G	sp|Q2LXM9|GATA_SYNAS	65
sp|Q197F8|002R_IIV3	sp|Q197F8|002R_IIV3	2502
sp|Q197F8|002R_IIV3	sp|Q6CQ86|RT106_KLULA	99
sp|Q197F8|002R_IIV3	sp|P40161|RT106_YEAST	94
sp|Q197F8|002R_IIV3	sp|Q6BXX1|BFR2_DEBHA	92
sp|Q197F8|002R_IIV3	sp|A6ZRN4|RT106_YEAS7	87
sp|Q197F7|003L_IIV3	sp|Q197F7|003L_IIV3	868
sp|Q197F7|003L_IIV3	sp|P0DKA1|VE8E2_HPV11	60
sp|Q197F7|003L_IIV3	sp|P53093|YIP4_YEAST	48
sp|Q197F7|003L_IIV3	sp|B4LDA6|SGF11_DROVI	48
sp|Q197F7|003L_IIV3	sp|Q810F0|PRIMA_MOUSE	48
sp|Q6GZX2|003R_FRG3G	sp|Q6GZX2|003R_FRG3G	2234
sp|Q6GZX2|003R_FRG3G	sp|B2U9V9|HISZ_RALPJ	85
sp|Q6GZX2|003R_FRG3G	sp|C3N7Q1|RPOA2_SULIY	74
sp|Q6GZX2|003R_FRG3G	sp|C3NFS2|RPOA2_SULIN	74
sp|Q6GZX2|003R_FRG3G	sp|C3MYA0|RPOA2_SULIM	74
sp|Q6GZX1|004R_FRG3G	sp|Q6GZX1|004R_FRG3G	317
sp|Q6GZX1|004R_FRG3G	sp|Q28597|PLP2_SHEEP	50
sp|Q6GZX1|004R_FRG3G	sp|P0DN35|NDUB1_RAT	49
sp|Q6GZX1|004R_FRG3G	sp|A8MGV3|TATA_ALKOO	46
sp|Q6GZX1|004R_FRG3G	sp|P77799|LHA2_RUBGE	46
sp|Q197F5|005L_IIV3	sp|Q197F5|005L_IIV3	1246
sp|Q197F5|005L_IIV3	sp|Q9QYZ8|DKK2_MOUSE	66
sp|Q197F5|005L_IIV3	sp|A8Y181|CPG3_CAEBR	66
sp|Q197F5|005L_IIV3	sp|Q9UBU2|DKK2_HUMAN	63
sp|Q197F5|005L_IIV3	sp|Q6UW56|ARAID_HUMAN	61
sp|Q6GZX0|005R_FRG3G	sp|Q6GZX0|005R_FRG3G	1066
sp|Q6GZX0|005R_FRG3G	sp|A5WFD0|PGK_PSYWF	69
sp|Q6GZX0|005R_FRG3G	sp|Q9X015|MAZG_THEMA	66
sp|Q6GZX0|005R_FRG3G	sp|Q2YDP6|TEX35_BOVIN	64
sp|Q6GZX0|005R_FRG3G	sp|Q5R4U0|CAH10_PONAB	60
sp|Q91G88|006L_IIV6	sp|Q91G88|006L_IIV6	1815
sp|Q91G88|006L_IIV6	sp|Q91FL1|313L_IIV6	1012
sp|Q91G88|006L_IIV6	sp|Q91FT4|238R_IIV6	571
sp|Q91G88|006L_IIV6	sp|Q91F58|468L_IIV6	553
sp|Q91G88|006L_IIV6	sp|Q5UQZ4|YR904_MIMIV	285
sp|Q6GZW9|006R_FRG3G	sp|Q6GZW9|006R_FRG3G	408
sp|Q6GZW9|006R_FRG3G	sp|Q7MQZ4|MINE_WOLSU	53
sp|Q6GZW9|006R_FRG3G	sp|Q0A5H0|GCSH_ALKEH	48
sp|Q6GZW9|006R_FRG3G	sp|P75717|EXOD_ECOLI	46
sp|Q6GZW9|006R_FRG3G	sp|A8F524|DEF_PSELT	46
sp|Q6GZW8|007R_FRG3G	sp|Q6GZW8|007R_FRG3G	678
sp|Q6GZW8|007R_FRG3G	sp|C1D7M1|RRAAH_LARHH	55
sp|Q6GZW8|007R_FRG3G	sp|P42817|GLMU_BACCL	55
sp|Q6GZW8|007R_FRG3G	sp|Q6FZD9|RS5_BARQU	50
sp|Q6GZW8|007R_FRG3G	sp|B6GXZ8|AFP_PENRW	50
sp|Q197F3|007R_IIV3	sp|Q197F3|007R_IIV3	2363
sp|Q197F3|007R_IIV3	sp|Q6GGY8|CTPAL_STAAR	72
sp|Q197F3|007R_IIV3	sp|Q30S94|HEM1_SULDN	66
sp|Q197F3|007R_IIV3	sp|Q5HG01|CTPAL_STAAC	66
sp|Q197F3|007R_IIV3	sp|Q38XB6|SYD_LACSS	65
sp|Q197F2|008L_IIV3	sp|Q197F2|008L_IIV3	1802
sp|Q197F2|008L_IIV3	sp|Q8LE10|HA22I_ARATH	66
sp|Q197F2|008L_IIV3	sp|Q54F80|GACD_DICDI	66
sp|Q197F2|008L_IIV3	sp|Q91FV2|VF219_IIV6	60
sp|Q197F2|008L_IIV3	sp|Q66HW4|GLMP_DANRE	60
sp|Q6GZW6|009L_FRG3G	sp|Q6GZW6|009L_FRG3G	4956
sp|Q6GZW6|009L_FRG3G	sp|Q9QSK4|VF022_IIV6	829
sp|Q6GZW6|009L_FRG3G	sp|Q06VC2|HELI1_TNAVC	501
sp|Q6GZW6|009L_FRG3G	sp|A4KX71|HELI1_HVAVE	441
sp|Q6GZW6|009L_FRG3G	sp|Q9XFH4|DDM1_ARATH	134
sp|Q91G85|009R_IIV6	sp|Q91G85|009R_IIV6	467
sp|Q91G85|009R_IIV6	sp|P10774|MER1_EUPRA	55
sp|Q91G85|009R_IIV6	sp|P59367|TX455_PHONI	52
sp|Q91G85|009R_IIV6	sp|Q9R1B1|T10B_RAT	52
sp|Q91G85|009R_IIV6	sp|Q5RDJ0|T10B_PONAB	52
sp|Q6GZW5|010R_FRG3G	sp|Q6GZW5|010R_FRG3G	717
sp|Q6GZW5|010R_FRG3G	sp|P35645|ECPA_EIKCO	67
sp|Q6GZW5|010R_FRG3G	sp|Q8PLR8|ISPD_XANAC	58
sp|Q6GZW5|010R_FRG3G	sp|P03759|REXB_LAMBD	55
sp|Q6GZW5|010R_FRG3G	sp|Q47IP1|PLSY_DECAR	55
sp|Q197E9|011L_IIV3	sp|Q197E9|011L_IIV3	4008
sp|Q197E9|011L_IIV3	sp|Q5UQK5|YR403_MIMIV	101
sp|Q197E9|011L_IIV3	sp|Q9LK03|PERK2_ARATH	97
sp|Q197E9|011L_IIV3	sp|Q55FT8|Y7958_DICDI	93
sp|Q197E9|011L_IIV3	sp|Q571B6|WHAMM_MOUSE	88
sp|Q6GZW4|011R_FRG3G	sp|Q6GZW4|011R_FRG3G	342
sp|Q6GZW4|011R_FRG3G	sp|Q9UU80|CWF18_SCHPO	64
sp|Q6GZW4|011R_FRG3G	sp|Q10464|PUIB_WHEAT	52
sp|Q6GZW4|011R_FRG3G	sp|O91085|VPU_HV1YF	49
sp|Q6GZW4|011R_FRG3G	sp|F1M2Z5|NCMAP_RAT	48
sp|Q6GZW3|012L_FRG3G	sp|Q6GZW3|012L_FRG3G	1516
sp|Q6GZW3|012L_FRG3G	sp|Q9CYX7|RRP15_MOUSE	99
sp|Q6GZW3|012L_FRG3G	sp|Q5M947|RRP15_RAT	96
sp|Q6GZW3|012L_FRG3G	sp|Q3T062|RRP15_BOVIN	96
sp|Q6GZW3|012L_FRG3G	sp|C3Y431|DDRGK_BRAFL	93
sp|Q197E7|013L_IIV3	sp|Q197E7|013L_IIV3	512
sp|Q197E7|013L_IIV3	sp|O55747|141R_IIV6	77
sp|Q197E7|013L_IIV3	sp|B3Q9X6|PLSY_RHOPT	55
sp|Q197E7|013L_IIV3	sp|P60929|PLSY_RHOPA	55
sp|Q197E7|013L_IIV3	sp|A8GF88|YCIB_SERP5	53
sp|Q6GZW2|013R_FRG3G	sp|Q6GZW2|013R_FRG3G	381
sp|Q6GZW2|013R_FRG3G	sp|Q2V4N4|DF287_ARATH	48
sp|Q6GZW2|013R_FRG3G	sp|Q00762|A9_ARATH	48
sp|Q6GZW2|013R_FRG3G	sp|P07010|REM_ECOLI	46
sp|Q6GZW2|013R_FRG3G	sp|O07555|YHJA_BACSU	41
sp|Q6GZW1|014R_FRG3G	sp|Q6GZW1|014R_FRG3G	584
sp|Q6GZW1|014R_FRG3G	sp|Q1IX74|RL23_DEIGD	57
sp|Q6GZW1|014R_FRG3G	sp|P60542|HIS3_GEOSL	57
sp|Q6GZW1|014R_FRG3G	sp|Q20683|TTC36_CAEEL	54
sp|Q6GZW1|014R_FRG3G	sp|Q9HFQ4|RLA4_CANAX	54
sp|Q6GZW0|015R_FRG3G	sp|Q6GZW0|015R_FRG3G	1705
sp|Q6GZW0|015R_FRG3G	sp|Q30T75|MNME_SULDN	82
sp|Q6GZW0|015R_FRG3G	sp|Q6L0C3|MDH_PICTO	73
sp|Q6GZW0|015R_FRG3G	sp|O67749|DER_AQUAE	72
sp|Q6GZW0|015R_FRG3G	sp|Q1RIT9|MDH_RICBR	71
sp|Q6GZV8|017L_FRG3G	sp|Q6GZV8|017L_FRG3G	2435
sp|Q6GZV8|017L_FRG3G	sp|Q9BMQ6|MYSP_OPIFE	115
sp|Q6GZV8|017L_FRG3G	sp|Q9X0M7|MCP2_THEMA	115
sp|Q6GZV8|017L_FRG3G	sp|Q5UXM8|HTR1_HALMA	111
sp|Q6GZV8|017L_FRG3G	sp|Q9HPR6|HMAT_HALSA	102
sp|Q6GZV7|018L_FRG3G	sp|Q6GZV7|018L_FRG3G	390
sp|Q6GZV7|018L_FRG3G	sp|B1L8P0|PAND_THESQ	49
sp|Q6GZV7|018L_FRG3G	sp|Q0ZDF7|URAD_AMICA	47
sp|Q6GZV7|018L_FRG3G	sp|Q8P8H2|UBIG_XANCP	45
sp|Q6GZV7|018L_FRG3G	sp|B0RS27|UBIG_XANCB	45
sp|Q6GZV6|019R_FRG3G	sp|Q6GZV6|019R_FRG3G	4513
sp|Q6GZV6|019R_FRG3G	sp|Q2KDZ5|IF2_RHIEC	109
sp|Q6GZV6|019R_FRG3G	sp|C1F697|IF2_ACIC5	106
sp|Q6GZV6|019R_FRG3G	sp|A1K9J8|LPTD_AZOSB	99
sp|Q6GZV6|019R_FRG3G	sp|Q9PU53|TERF2_CHICK	92
sp|Q6GZV5|020R_FRG3G	sp|Q6GZV5|020R_FRG3G	811
sp|Q6GZV5|020R_FRG3G	sp|P55808|XG_HUMAN	62
sp|Q6GZV5|020R_FRG3G	sp|Q9D735|TRIR_MOUSE	60
sp|Q6GZV5|020R_FRG3G	sp|P14209|CD99_HUMAN	60
sp|Q6GZV5|020R_FRG3G	sp|Q2UNX4|KAPC_ASPOR	59
sp|Q6GZV4|021L_FRG3G	sp|Q6GZV4|021L_FRG3G	1119
sp|Q6GZV4|021L_FRG3G	sp|Q9M612|NACA_PINTA	74
sp|Q6GZV4|021L_FRG3G	sp|F5HI87|CEP3_HCMVM	73
sp|Q6GZV4|021L_FRG3G	sp|P13200|CEP3_HCMVA	73
sp|Q6GZV4|021L_FRG3G	sp|Q0PVB3|ORR7_ORYSJ	69
sp|Q197D8|022L_IIV3	sp|Q197D8|022L_IIV3	1177
sp|Q197D8|022L_IIV3	sp|P12012|GNTP_BACSU	72
sp|Q197D8|022L_IIV3	sp|O07086|YRDR_BACSU	70
sp|Q197D8|022L_IIV3	sp|C6BWF6|NQRE_DESAD	63
sp|Q197D8|022L_IIV3	sp|O28474|Y1800_ARCFU	62
sp|Q6GZV2|023R_FRG3G	sp|Q6GZV2|023R_FRG3G	1991
sp|Q6GZV2|023R_FRG3G	sp|Q6GZV1|024R_FRG3G	443
sp|Q6GZV2|023R_FRG3G	sp|Q91ZQ0|VMP1_RAT	65
sp|Q6GZV2|023R_FRG3G	sp|Q5HP69|RS1_STAEQ	65
sp|Q6GZV2|023R_FRG3G	sp|Q5R9K4|VMP1_PONAB	62
sp|Q197D7|023R_IIV3	sp|Q197D7|023R_IIV3	558
sp|Q197D7|023R_IIV3	sp|Q03GC0|NRDR_PEDPA	57
sp|Q197D7|023R_IIV3	sp|P46647|IL1A_CERAT	55
sp|Q197D7|023R_IIV3	sp|P79340|IL1A_MACFA	54
sp|Q197D7|023R_IIV3	sp|O51046|Y013_BORBU	53
sp|Q6GZV1|024R_FRG3G	sp|Q6GZV1|024R_FRG3G	1913
sp|Q6GZV1|024R_FRG3G	sp|Q6GZV2|023R_FRG3G	443
sp|Q6GZV1|024R_FRG3G	sp|O74965|EIF2A_SCHPO	64
sp|Q6GZV1|024R_FRG3G	sp|Q2S8V7|TSAD_HAHCH	61
sp|Q6GZV1|024R_FRG3G	sp|C0QYQ8|GPDA_BRAHW	60
sp|Q197D5|025R_IIV3	sp|Q197D5|025R_IIV3	904
sp|Q197D5|025R_IIV3	sp|Q9VFB2|RT10_DROME	65
sp|Q197D5|025R_IIV3	sp|P52108|RSTA_ECOLI	58
sp|Q197D5|025R_IIV3	sp|D4AZK9|ECM33_ARTBC	56
sp|Q197D5|025R_IIV3	sp|Q47M79|ATPD_THEFY	53
sp|Q91G70|026R_IIV6	sp|Q91G70|026R_IIV6	286
sp|Q91G70|026R_IIV6	sp|P68488|YVD1_VACCW	51
sp|Q91G70|026R_IIV6	sp|P68489|YVD1_VACCC	51
sp|Q91G70|026R_IIV6	sp|P67299|PARD_MYCBO	45
sp|Q91G70|026R_IIV6	sp|P9WIJ7|PARD1_MYCTU	45
sp|Q6GZU9|027R_FRG3G	sp|Q6GZU9|027R_FRG3G	5224
sp|Q6GZU9|027R_FRG3G	sp|Q197C5|VF179_IIV3	599
sp|Q6GZU9|027R_FRG3G	sp|O55767|VF179_IIV6	580
sp|Q6GZU9|027R_FRG3G	sp|Q8N398|VW5B2_HUMAN	83
sp|Q6GZU9|027R_FRG3G	sp|Q9A3J3|DNAE2_CAUVC	73
sp|Q6GZU8|028R_FRG3G	sp|Q6GZU8|028R_FRG3G	873
sp|Q6GZU8|028R_FRG3G	sp|B1L1Y6|REX_CLOBM	58
sp|Q6GZU8|028R_FRG3G	sp|A7GIP1|REX_CLOBL	58
sp|Q6GZU8|028R_FRG3G	sp|B1IFE2|REX_CLOBK	58
sp|Q6GZU8|028R_FRG3G	sp|C1FLW3|REX_CLOBJ	58
sp|Q197D2|028R_IIV3	sp|Q197D2|028R_IIV3	1775
sp|Q197D2|028R_IIV3	sp|Q5ZMD2|ANKY2_CHICK	78
sp|Q197D2|028R_IIV3	sp|P06784|STE7_YEAST	68
sp|Q197D2|028R_IIV3	sp|Q9LRP1|NPS13_ARATH	67
sp|Q197D2|028R_IIV3	sp|A0PJP4|RIPL1_XENTR	66
sp|Q6GZU7|029L_FRG3G	sp|Q6GZU7|029L_FRG3G	528
sp|Q6GZU7|029L_FRG3G	sp|Q7NDQ2|MRNC_GLOVI	60
sp|Q6GZU7|029L_FRG3G	sp|A5GCQ9|VATE_GEOUR	42
sp|Q6GZU7|029L_FRG3G	sp|P47472|NRDI_MYCGE	42
sp|Q6GZU7|029L_FRG3G	sp|Q9ZBX9|KPTA_STRCO	42
sp|Q91G67|029R_IIV6	sp|Q91G67|029R_IIV6	671
sp|Q91G67|029R_IIV6	sp|O55752|148R_IIV6	531
sp|Q91G67|029R_IIV6	sp|Q91FV9|212L_IIV6	367
sp|Q91G67|029R_IIV6	sp|P0C118|SSB_BRUAB	61
sp|Q91G67|029R_IIV6	sp|Q2YPX7|SSB_BRUA2	61
sp|Q197D0|030L_IIV3	sp|Q197D0|030L_IIV3	756
sp|Q197D0|030L_IIV3	sp|P73920|TXLA_SYNY3	64
sp|Q197D0|030L_IIV3	sp|Q0D4T4|MAD18_ORYSJ	58
sp|Q197D0|030L_IIV3	sp|A2YNI2|MAD18_ORYSI	58
sp|Q197D0|030L_IIV3	sp|Q5RDP3|STYX_PONAB	53
sp|Q6GZU6|030R_FRG3G	sp|Q6GZU6|030R_FRG3G	245
sp|Q6GZU6|030R_FRG3G	sp|A5IMI9|APT_THEP1	46
sp|Q6GZU6|030R_FRG3G	sp|A5CXK6|RL23_VESOH	45
sp|Q6GZU6|030R_FRG3G	sp|P19191|ORF6_BPCHP	44
sp|Q6GZU6|030R_FRG3G	sp|Q96YP3|RNP4_SULTO	42
sp|Q6GZU5|031R_FRG3G	sp|Q6GZU5|031R_FRG3G	743
sp|Q6GZU5|031R_FRG3G	sp|Q21YC6|NUOB_RHOFT	59
sp|Q6GZU5|031R_FRG3G	sp|P36697|R1AB_CVCAI	53
sp|Q6GZU5|031R_FRG3G	sp|A1WLP3|NUOB_VEREI	52
sp|Q6GZU5|031R_FRG3G	sp|A1AVR3|NUOB_RUTMC	52
sp|Q6GZU4|032R_FRG3G	sp|Q6GZU4|032R_FRG3G	3233
sp|Q6GZU4|032R_FRG3G	sp|Q91FU0|VF232_IIV6	153
sp|Q6GZU4|032R_FRG3G	sp|P41777|NOLC1_RAT	153
sp|Q6GZU4|032R_FRG3G	sp|Q2J728|IF2_FRACC	143
sp|Q6GZU4|032R_FRG3G	sp|Q5XXA7|HDGR2_DANRE	135
sp|Q197C8|032R_IIV3	sp|Q197C8|032R_IIV3	1435
sp|Q197C8|032R_IIV3	sp|Q5UQ16|YL201_MIMIV	113
sp|Q197C8|032R_IIV3	sp|Q91FB6|411L_IIV6	102
sp|Q197C8|032R_IIV3	sp|Q54V71|Y6053_DICDI	96
sp|Q197C8|032R_IIV3	sp|Q196V0|110R_IIV3	89
sp|Q91G65|032R_IIV6	sp|Q91G65|032R_IIV6	532
sp|Q91G65|032R_IIV6	sp|B9KE62|Y1551_CAMLR	52
sp|Q91G65|032R_IIV6	sp|A4FZS6|RPOL_METM5	51
sp|Q91G65|032R_IIV6	sp|P11263|TAT_SIVML	50
sp|Q91G65|032R_IIV6	sp|P05910|TAT_SIVMK	50
sp|Q6GZU3|033R_FRG3G	sp|Q6GZU3|033R_FRG3G	310
sp|Q6GZU3|033R_FRG3G	sp|P0ABY1|FLIL_SHIFL	53
sp|Q6GZU3|033R_FRG3G	sp|P0ABX8|FLIL_ECOLI	53
sp|Q6GZU3|033R_FRG3G	sp|P0ABX9|FLIL_ECOL6	53
sp|Q6GZU3|033R_FRG3G	sp|P0ABY0|FLIL_ECO57	53
sp|Q6GZU2|034R_FRG3G	sp|Q6GZU2|034R_FRG3G	566
sp|Q6GZU2|034R_FRG3G	sp|P14496|PIL7_ECOLX	48
sp|Q6GZU2|034R_FRG3G	sp|Q7NWN5|FLIW_CHRVO	48
sp|Q6GZU2|034R_FRG3G	sp|Q9C900|SINE3_ARATH	47
sp|Q6GZU2|034R_FRG3G	sp|B5RPJ2|RL14_BORRA	47
sp|Q91G63|034R_IIV6	sp|Q91G63|034R_IIV6	751
sp|Q91G63|034R_IIV6	sp|P0C9Z0|P17_ASFWA	65
sp|Q91G63|034R_IIV6	sp|Q89424|P17_ASFB7	64
sp|Q91G63|034R_IIV6	sp|Q9SJY7|AGP2_ARATH	61
sp|Q91G63|034R_IIV6	sp|P0C9Y9|P17_ASFP4	60
sp|Q6GZU1|035L_FRG3G	sp|Q6GZU1|035L_FRG3G	920
sp|Q6GZU1|035L_FRG3G	sp|P04474|PRP3_RAT	98
sp|Q6GZU1|035L_FRG3G	sp|F6HQ26|RU1C_VITVI	74
sp|Q6GZU1|035L_FRG3G	sp|P13378|HXD8_HUMAN	66
sp|Q6GZU1|035L_FRG3G	sp|O81127|RSZ21_ARATH	65
sp|Q6GZU0|036L_FRG3G	sp|Q6GZU0|036L_FRG3G	1165
sp|Q6GZU0|036L_FRG3G	sp|Q9Y215|COLQ_HUMAN	58
sp|Q6GZU0|036L_FRG3G	sp|Q86T20|SIM29_HUMAN	57
sp|Q6GZU0|036L_FRG3G	sp|P48985|ATOH1_MOUSE	55
sp|Q6GZU0|036L_FRG3G	sp|O35348|COLQ_MOUSE	54
sp|Q197C3|037L_IIV3	sp|Q197C3|037L_IIV3	1316
sp|Q197C3|037L_IIV3	sp|Q9D1X0|NOL3_MOUSE	96
sp|Q197C3|037L_IIV3	sp|Q6LTU6|ZIPA_PHOPR	80
sp|Q197C3|037L_IIV3	sp|A2BDB7|S7A6O_XENLA	77
sp|Q197C3|037L_IIV3	sp|Q54LV1|RAD23_DICDI	75
sp|Q6GZT9|037R_FRG3G	sp|Q6GZT9|037R_FRG3G	1061
sp|Q6GZT9|037R_FRG3G	sp|Q8W3M6|UBCP_ARATH	85
sp|Q6GZT9|037R_FRG3G	sp|Q5U395|CNEPA_DANRE	82
sp|Q6GZT9|037R_FRG3G	sp|Q3B7T6|CNEP1_RAT	82
sp|Q6GZT9|037R_FRG3G	sp|Q3TP92|CNEP1_MOUSE	82
sp|Q6GZT7|039R_FRG3G	sp|Q6GZT7|039R_FRG3G	579
sp|Q6GZT7|039R_FRG3G	sp|B9E9M3|RL13_MACCJ	50
sp|Q6GZT7|039R_FRG3G	sp|Q8N8J0|PI4P1_HUMAN	50
sp|Q6GZT7|039R_FRG3G	sp|B8GW16|HIS2_CAUVN	47
sp|Q6GZT7|039R_FRG3G	sp|Q9A228|HIS2_CAUVC	47
sp|Q6GZT6|040R_FRG3G	sp|Q6GZT6|040R_FRG3G	942
sp|Q6GZT6|040R_FRG3G	sp|Q8LCE4|AGP5_ARATH	59
sp|Q6GZT6|040R_FRG3G	sp|Q0DJC7|SAP15_ORYSJ	58
sp|Q6GZT6|040R_FRG3G	sp|P59632|AP3A_CVHSA	57
sp|Q6GZT6|040R_FRG3G	sp|Q8YBN9|Y3860_BRUME	56
sp|Q197C0|040R_IIV3	sp|Q197C0|040R_IIV3	445
sp|Q197C0|040R_IIV3	sp|P40140|NG3_DROME	48
sp|Q197C0|040R_IIV3	sp|Q9FH94|ERF10_ARATH	46
sp|Q197C0|040R_IIV3	sp|O32023|YQZC_BACSU	45
sp|Q197C0|040R_IIV3	sp|P05836|TRAY4_ECOLX	45
sp|Q91G57|041L_IIV6	sp|Q91G57|041L_IIV6	632
sp|Q91G57|041L_IIV6	sp|P75490|Y287_MYCPN	83
sp|Q91G57|041L_IIV6	sp|P75103|Y010_MYCPN	69
sp|Q91G57|041L_IIV6	sp|P56398|RRF_HELPY	68
sp|Q91G57|041L_IIV6	sp|B6JN96|RRF_HELP2	68
sp|Q6GZT5|041R_FRG3G	sp|Q6GZT5|041R_FRG3G	6127
sp|Q6GZT5|041R_FRG3G	sp|A4KXK0|Y146_HVAVE	142
sp|Q6GZT5|041R_FRG3G	sp|Q0E517|Y084_SFAVA	136
sp|Q6GZT5|041R_FRG3G	sp|Q8CG79|ASPP2_MOUSE	73
sp|Q6GZT5|041R_FRG3G	sp|Q8TVM4|SYL_METKA	71
sp|Q6GZT4|042L_FRG3G	sp|Q6GZT4|042L_FRG3G	444
sp|Q6GZT4|042L_FRG3G	sp|O46256|HUNB_DROSL	55
sp|Q6GZT4|042L_FRG3G	sp|P41099|RLA2_PARAR	50
sp|Q6GZT4|042L_FRG3G	sp|Q07362|PBP4_YEAST	49
sp|Q6GZT4|042L_FRG3G	sp|P20486|CKS1_YEAST	48
sp|Q91G56|042R_IIV6	sp|Q91G56|042R_IIV6	472
sp|Q91G56|042R_IIV6	sp|Q09094|REC15_SCHPO	79
sp|Q91G56|042R_IIV6	sp|Q9N2R3|TPM_CHAFE	77
sp|Q91G56|042R_IIV6	sp|O97162|TPM_RHIMP	72
sp|Q91G56|042R_IIV6	sp|Q8IT89|TPM_HAELO	72
sp|Q91G55|043L_IIV6	sp|Q91G55|043L_IIV6	617
sp|Q91G55|043L_IIV6	sp|Q7A064|SARR_STAAW	70
sp|Q91G55|043L_IIV6	sp|Q6G727|SARR_STAAS	70
sp|Q91G55|043L_IIV6	sp|Q6GED9|SARR_STAAR	70
sp|Q91G55|043L_IIV6	sp|Q7A425|SARR_STAAN	70
sp|Q6GZT3|043R_FRG3G	sp|Q6GZT3|043R_FRG3G	1188
sp|Q6GZT3|043R_FRG3G	sp|Q2UAP8|TIM22_ASPOR	62
sp|Q6GZT3|043R_FRG3G	sp|P9WJ96|INIB_MYCTO	60
sp|Q6GZT3|043R_FRG3G	sp|P20959|IBP3_BOVIN	60
sp|Q6GZT3|043R_FRG3G	sp|P9WJ97|INIB_MYCTU	59
sp|Q197B6|044L_IIV3	sp|Q197B6|044L_IIV3	1828
sp|Q197B6|044L_IIV3	sp|Q91822|PIM3_XENLA	183
sp|Q197B6|044L_IIV3	sp|Q10SC8|CIPK9_ORYSJ	165
sp|Q197B6|044L_IIV3	sp|P58750|PIM3_MOUSE	164
sp|Q197B6|044L_IIV3	sp|P05383|KAPCB_PIG	151
sp|Q6GZN9|044R_FRG3G	sp|Q6GZN9|044R_FRG3G	302
sp|Q6GZN9|044R_FRG3G	sp|Q9WZR1|HIS9_THEMA	45
sp|Q6GZN9|044R_FRG3G	sp|B9DPJ1|ACP_STACT	45
sp|Q6GZN9|044R_FRG3G	sp|Q5WSU1|RPPH_LEGPL	44
sp|Q6GZN9|044R_FRG3G	sp|Q5ZRK9|RPPH_LEGPH	44
sp|Q91G54|044R_IIV6	sp|Q91G54|044R_IIV6	358
sp|Q91G54|044R_IIV6	sp|P53908|YNO3_YEAST	53
sp|Q91G54|044R_IIV6	sp|Q824P3|RL29_CHLCV	48
sp|Q91G54|044R_IIV6	sp|Q4FNN3|YBEY_PELUB	47
sp|Q91G54|044R_IIV6	sp|Q974F5|Y696A_SULTO	47
sp|Q6GZT1|045L_FRG3G	sp|Q6GZT1|045L_FRG3G	715
sp|Q6GZT1|045L_FRG3G	sp|Q196Y8|072L_IIV3	73
sp|Q6GZT1|045L_FRG3G	sp|B0TB07|MIAA_HELMI	58
sp|Q6GZT1|045L_FRG3G	sp|P45925|YQBI_BACSU	54
sp|Q6GZT1|045L_FRG3G	sp|Q37988|TERM_BPCP1	54
sp|Q197B5|045R_IIV3	sp|Q197B5|045R_IIV3	460
sp|Q197B5|045R_IIV3	sp|A0QSL9|RL17_MYCS2	56
sp|Q197B5|045R_IIV3	sp|B1XHZ0|ATPF1_SYNP2	54
sp|Q197B5|045R_IIV3	sp|Q11HB2|RL7_CHESB	52
sp|Q197B5|045R_IIV3	sp|A4WH03|RS17E_PYRAR	51
sp|Q6GZT0|046L_FRG3G	sp|Q6GZT0|046L_FRG3G	407
sp|Q6GZT0|046L_FRG3G	sp|P29178|CAPSD_HBVG1	60
sp|Q6GZT0|046L_FRG3G	sp|P0C6I1|HBEAG_HBVD5	59
sp|Q6GZT0|046L_FRG3G	sp|P0C625|HBEAG_HBVA3	59
sp|Q6GZT0|046L_FRG3G	sp|P0C680|CAPSD_HBVD5	59
sp|Q6GZS9|047L_FRG3G	sp|Q6GZS9|047L_FRG3G	738
sp|Q6GZS9|047L_FRG3G	sp|A5FVI7|ATPF1_ACICJ	64
sp|Q6GZS9|047L_FRG3G	sp|B0T410|PYRF_CAUSK	63
sp|Q6GZS9|047L_FRG3G	sp|Q9QZ57|HSPB3_MOUSE	58
sp|Q6GZS9|047L_FRG3G	sp|Q3J3D5|TATB_RHOS4	54
sp|Q6GZS8|048L_FRG3G	sp|Q6GZS8|048L_FRG3G	448
sp|Q6GZS8|048L_FRG3G	sp|B1I3Z6|TRPF_DESAP	52
sp|Q6GZS8|048L_FRG3G	sp|A4VNJ1|TRPA_PSEU5	52
sp|Q6GZS8|048L_FRG3G	sp|Q7ZT46|PSF2_XENLA	52
sp|Q6GZS8|048L_FRG3G	sp|Q9D600|PSF2_MOUSE	48
sp|Q6GZS7|049L_FRG3G	sp|Q6GZS7|049L_FRG3G	1280
sp|Q6GZS7|049L_FRG3G	sp|Q6BJ75|PNO1_DEBHA	85
sp|Q6GZS7|049L_FRG3G	sp|P42872|TONB_HAEIN	76
sp|Q6GZS7|049L_FRG3G	sp|P40264|H12_GLYBA	76
sp|Q6GZS7|049L_FRG3G	sp|Q6CFD4|AIM34_YARLI	71
sp|Q91G50|049L_IIV6	sp|Q91G50|049L_IIV6	624
sp|Q91G50|049L_IIV6	sp|Q32RK0|NU6C_ZYGCR	60
sp|Q91G50|049L_IIV6	sp|P81327|YD3A_METJA	57
sp|Q91G50|049L_IIV6	sp|Q9CN32|Y613_PASMU	57
sp|Q91G50|049L_IIV6	sp|Q0UKB5|NACA_PHANO	57
sp|Q197B1|049R_IIV3	sp|Q197B1|049R_IIV3	3422
sp|Q197B1|049R_IIV3	sp|P06198|MYSP_SCHMA	187
sp|Q197B1|049R_IIV3	sp|P31111|ZIP1_YEAST	173
sp|Q197B1|049R_IIV3	sp|Q6BHF8|ATG23_DEBHA	173
sp|Q197B1|049R_IIV3	sp|A7RNG8|CCD22_NEMVE	170
sp|Q6GZS6|050L_FRG3G	sp|Q6GZS6|050L_FRG3G	1138
sp|Q6GZS6|050L_FRG3G	sp|E9PXT9|F170B_MOUSE	176
sp|Q6GZS6|050L_FRG3G	sp|P18174|INVO_CANLF	172
sp|Q6GZS6|050L_FRG3G	sp|P34618|CEC1_CAEEL	145
sp|Q6GZS6|050L_FRG3G	sp|P24711|INVO_CEPBA	142
sp|Q6GZS5|051R_FRG3G	sp|Q6GZS5|051R_FRG3G	2873
sp|Q6GZS5|051R_FRG3G	sp|Q8IYB7|DI3L2_HUMAN	83
sp|Q6GZS5|051R_FRG3G	sp|A8ZNW7|CH603_ACAM1	82
sp|Q6GZS5|051R_FRG3G	sp|Q8R6K9|MNMG2_CALS4	72
sp|Q6GZS5|051R_FRG3G	sp|B2TTJ7|KDPB_SHIB3	70
sp|Q6GZS4|052L_FRG3G	sp|Q6GZS4|052L_FRG3G	1895
sp|Q6GZS4|052L_FRG3G	sp|Q9EQC1|3BHS7_MOUSE	800
sp|Q6GZS4|052L_FRG3G	sp|Q9H2F3|3BHS7_HUMAN	784
sp|Q6GZS4|052L_FRG3G	sp|O35048|3BHS7_RAT	679
sp|Q6GZS4|052L_FRG3G	sp|Q67477|3BHS_FOWPN	648
sp|Q197A7|053L_IIV3	sp|Q197A7|053L_IIV3	744
sp|Q197A7|053L_IIV3	sp|P26672|A46_VACCW	68
sp|Q197A7|053L_IIV3	sp|O55715|084L_IIV6	56
sp|Q197A7|053L_IIV3	sp|Q9FEN9|SHL_ARATH	54
sp|Q197A7|053L_IIV3	sp|Q9E7N9|MATRX_LNYV3	53
sp|Q6GZS3|053R_FRG3G	sp|Q6GZS3|053R_FRG3G	2684
sp|Q6GZS3|053R_FRG3G	sp|O55733|VF118_IIV6	314
sp|Q6GZS3|053R_FRG3G	sp|C4L7J8|HSCA_TOLAT	74
sp|Q6GZS3|053R_FRG3G	sp|A1W7T4|HSCA_ACISJ	74
sp|Q6GZS3|053R_FRG3G	sp|P44236|VG42_HAEIN	71
sp|Q6GZS2|054L_FRG3G	sp|Q6GZS2|054L_FRG3G	425
sp|Q6GZS2|054L_FRG3G	sp|Q0MQ94|NDUA3_PONAB	51
sp|Q6GZS2|054L_FRG3G	sp|Q0MQ96|NDUA3_PANTR	50
sp|Q6GZS2|054L_FRG3G	sp|O95167|NDUA3_HUMAN	50
sp|Q6GZS2|054L_FRG3G	sp|Q0MQ95|NDUA3_GORGO	50
sp|Q197A6|054L_IIV3	sp|Q197A6|054L_IIV3	1593
sp|Q197A6|054L_IIV3	sp|O17934|NH199_CAEEL	79
sp|Q197A6|054L_IIV3	sp|P39776|XERC_BACSU	73
sp|Q197A6|054L_IIV3	sp|Q8TB03|CX038_HUMAN	70
sp|Q197A6|054L_IIV3	sp|Q6DGR4|HGH1_DANRE	69
